## PlayOnLinux default plugin list
## Copyright (C) 2007-2010 PlayOnLinux Team
## Version 1 /2010-09-01/
##Lines begining with # was ignored
##syntax:
##uid;plugin_file.pol;install_dir;status;version_human;version
##	uid 		= unique ID
##	plugin_file.pol = name of plugin file (found in $PLAYONLINUX/plugins/)
##	install_dir	= in which directory the plugin is finaly installed ($POL_USER_ROOT/plugins/??)
##	status		= enable or disable
##	version_human	= version of plugin
##	version		= integer number used for determine if this plugin should be update (never decrease this value!)
##example:
#offlinepol;OfflinePlayOnLinux_0.3.pol;Offline PlayOnLinux;disable;0.3;4
#awc;AdvancedWineConfiguration_3.5.1.pol;Advanced Wine Configuration;enable;3.5.1;17
##

## in fact empty line is also ignored because it's more easy to read =)
##

#Advanced Wine Configuration
awc;AdvancedWineConfiguration.pol;Advanced Wine Configuration;enable;3.6;6

#Offline PlayOnLinux
offlineplayonlinux;OfflinePlayOnLinux_0.3.pol;Offline PlayOnLinux;disable;0.3;1

#Capture
capture;Capture.pol;Capture;enable;2.2;6

#Transgaming Cedega
cedega;TransgamingCedega_0.3.pol;Transgaming Cedega;disable;0.3;1

#Wine Import
import;WineImport_0.3.pol;Wine Import;enable;0.3;1

#Wine Look
look;WineLook_0.3.pol;Wine Look;enable;0.3;1
